<?xml version="1.0" encoding="UTF-8"?>
<!-- Generated by org.testng.reporters.JUnitXMLReporter -->
<testsuite ignored="2" hostname="DESKTOP-7FCLJV9" failures="0" tests="6" name="TestPACK1" time="0.458" errors="0" timestamp="2024-09-14T19:54:04 IST">
  <testcase classname="Package1.Test1" name="m1" time="0.047"/>
  <testcase classname="Package1.Test1" name="m3" time="0.011"/>
  <testcase classname="Package1.Test1" name="m3" time="0.005"/>
  <testcase classname="Package1.Test1" name="m3" time="0.028"/>
  <testcase classname="Package2.Test1" name="m1" time="0.027"/>
  <testcase classname="Package2.Test1" name="m3" time="0.024"/>
  <testcase classname="Package1.Test1" name="m2" time="0.0">
    <ignored/>
  </testcase> <!-- m2 -->
  <testcase classname="Package2.Test1" name="m2" time="0.0">
    <ignored/>
  </testcase> <!-- m2 -->
</testsuite> <!-- TestPACK1 -->
