<?xml version="1.0" encoding="UTF-8"?>
<!-- Generated by org.testng.reporters.JUnitXMLReporter -->
<testsuite ignored="3" hostname="DESKTOP-7FCLJV9" failures="0" tests="3" name="TestPACK2" time="0.069" errors="0" timestamp="2024-09-14T19:54:04 IST">
  <testcase classname="Package1.Test2" name="m2" time="0.004"/>
  <testcase classname="Package2.Test2" name="m1" time="0.004"/>
  <testcase classname="Package2.Test2" name="m3" time="0.006"/>
  <testcase classname="Package2.Test2" name="m2" time="0.0">
    <ignored/>
  </testcase> <!-- m2 -->
  <testcase classname="Package1.Test2" name="m1" time="0.0">
    <ignored/>
  </testcase> <!-- m1 -->
  <testcase classname="Package1.Test2" name="m3" time="0.0">
    <ignored/>
  </testcase> <!-- m3 -->
</testsuite> <!-- TestPACK2 -->
